2025-04-08 23:29:00.312503 - Received CBT.V508.FILE1051.PDS from FILE1051.XMI 
2025-04-08 23:29:00.316525 - Found $$$#DATE.txt (text/plain) in CBT.V508.FILE1051.PDS, moved to PDS/$$$#DATE
2025-04-08 23:29:00.317255 - Found $$$INDEX.txt (text/plain) in CBT.V508.FILE1051.PDS, moved to PDS/$$$INDEX
2025-04-08 23:29:00.317931 - Found $$DOC.txt (text/plain) in CBT.V508.FILE1051.PDS, moved to PDS/$$DOC
2025-04-08 23:29:00.318560 - Found $$DOC2.txt (text/plain) in CBT.V508.FILE1051.PDS, moved to PDS/$$DOC2
2025-04-08 23:29:00.319178 - Found $$NOTE01.txt (text/plain) in CBT.V508.FILE1051.PDS, moved to PDS/$$NOTE01
2025-04-08 23:29:00.319817 - Found $$README.txt (text/plain) in CBT.V508.FILE1051.PDS, moved to PDS/$$README
2025-04-08 23:29:00.320454 - Found $ALLOC.jcl (text/plain) in CBT.V508.FILE1051.PDS, moved to PDS/$ALLOC
2025-04-08 23:29:00.321084 - Found $COMMAND.txt (text/plain) in CBT.V508.FILE1051.PDS, moved to PDS/$COMMAND
2025-04-08 23:29:00.321686 - Found $INSTALL.txt (text/plain) in CBT.V508.FILE1051.PDS, moved to PDS/$INSTALL
2025-04-08 23:29:00.322329 - Found $LINK.jcl (text/plain) in CBT.V508.FILE1051.PDS, moved to PDS/$LINK
2025-04-08 23:29:00.322963 - Found $MVC.txt (text/plain) in CBT.V508.FILE1051.PDS, moved to PDS/$MVC
2025-04-08 23:29:00.323630 - Found $NI.txt (text/plain) in CBT.V508.FILE1051.PDS, moved to PDS/$NI
2025-04-08 23:29:00.324238 - Found $OI.txt (text/plain) in CBT.V508.FILE1051.PDS, moved to PDS/$OI
2025-04-08 23:29:00.324895 - Found $OPTIONS.txt (text/plain) in CBT.V508.FILE1051.PDS, moved to PDS/$OPTIONS
2025-04-08 23:29:00.325487 - Found $RACF.jcl (text/plain) in CBT.V508.FILE1051.PDS, moved to PDS/$RACF
2025-04-08 23:29:00.326086 - Found $SHUTDWN.txt (text/plain) in CBT.V508.FILE1051.PDS, moved to PDS/$SHUTDWN
2025-04-08 23:29:00.326734 - Found $ST.txt (text/plain) in CBT.V508.FILE1051.PDS, moved to PDS/$ST
2025-04-08 23:29:00.327327 - Found $XC.txt (text/plain) in CBT.V508.FILE1051.PDS, moved to PDS/$XC
2025-04-08 23:29:00.327961 - Found @FIL1051.txt (text/plain) in CBT.V508.FILE1051.PDS, moved to PDS/@FIL1051
2025-04-08 23:29:00.328701 - Found EMFCMD.txt (text/plain) in CBT.V508.FILE1051.PDS, moved to PDS/EMFCMD
2025-04-08 23:29:00.329438 - Found EMFCSM.txt (text/plain) in CBT.V508.FILE1051.PDS, moved to PDS/EMFCSM
2025-04-08 23:29:00.330113 - Found EMFEOM.txt (text/plain) in CBT.V508.FILE1051.PDS, moved to PDS/EMFEOM
2025-04-08 23:29:00.330792 - Found EMFFRR.txt (text/plain) in CBT.V508.FILE1051.PDS, moved to PDS/EMFFRR
2025-04-08 23:29:00.331515 - Found EMFINI.txt (text/plain) in CBT.V508.FILE1051.PDS, moved to PDS/EMFINI
2025-04-08 23:29:00.332202 - Found EMFJNI.txt (text/plain) in CBT.V508.FILE1051.PDS, moved to PDS/EMFJNI
2025-04-08 23:29:00.332902 - Found EMFMSG.txt (text/plain) in CBT.V508.FILE1051.PDS, moved to PDS/EMFMSG
2025-04-08 23:29:00.333633 - Found EMFPAR.txt (text/plain) in CBT.V508.FILE1051.PDS, moved to PDS/EMFPAR
2025-04-08 23:29:00.334300 - Found EMFRTM.txt (text/plain) in CBT.V508.FILE1051.PDS, moved to PDS/EMFRTM
2025-04-08 23:29:00.334946 - Found EMFSRV.txt (text/plain) in CBT.V508.FILE1051.PDS, moved to PDS/EMFSRV
2025-04-08 23:29:00.335545 - Found EMFTST.txt (text/plain) in CBT.V508.FILE1051.PDS, moved to PDS/EMFTST
2025-04-08 23:29:00.336238 - Found EMFXIT.txt (text/plain) in CBT.V508.FILE1051.PDS, moved to PDS/EMFXIT
2025-04-08 23:29:00.336891 - Found IEFACTRT.txt (text/plain) in CBT.V508.FILE1051.PDS, moved to PDS/IEFACTRT
2025-04-08 23:29:00.337521 - Found IEFUJI.txt (text/plain) in CBT.V508.FILE1051.PDS, moved to PDS/IEFUJI
2025-04-08 23:29:00.338220 - Found IEFUJP.txt (text/plain) in CBT.V508.FILE1051.PDS, moved to PDS/IEFUJP
2025-04-08 23:29:00.338791 - Found IEFUJV.txt (text/plain) in CBT.V508.FILE1051.PDS, moved to PDS/IEFUJV
2025-04-08 23:29:00.339431 - Found IEFUSI.txt (text/plain) in CBT.V508.FILE1051.PDS, moved to PDS/IEFUSI
2025-04-08 23:29:00.340049 - Found IEFUSO.txt (text/plain) in CBT.V508.FILE1051.PDS, moved to PDS/IEFUSO
2025-04-08 23:29:00.340682 - Found IEFUTL.txt (text/plain) in CBT.V508.FILE1051.PDS, moved to PDS/IEFUTL
2025-04-08 23:29:00.341304 - Found IEFU29.txt (text/plain) in CBT.V508.FILE1051.PDS, moved to PDS/IEFU29
2025-04-08 23:29:00.341981 - Found IEFU29L.txt (text/plain) in CBT.V508.FILE1051.PDS, moved to PDS/IEFU29L
2025-04-08 23:29:00.342694 - Found IEFU83.txt (text/plain) in CBT.V508.FILE1051.PDS, moved to PDS/IEFU83
2025-04-08 23:29:00.343334 - Found IEFU84.txt (text/plain) in CBT.V508.FILE1051.PDS, moved to PDS/IEFU84
2025-04-08 23:29:00.343993 - Found IEFU85.txt (text/plain) in CBT.V508.FILE1051.PDS, moved to PDS/IEFU85
2025-04-08 23:29:00.344619 - Found IEFU86.txt (text/plain) in CBT.V508.FILE1051.PDS, moved to PDS/IEFU86
2025-04-08 23:29:00.345244 - Found ZCALL.txt (text/plain) in CBT.V508.FILE1051.PDS, moved to PDS/ZCALL
2025-04-08 23:29:00.345839 - Found ZEMFMSTR.txt (text/plain) in CBT.V508.FILE1051.PDS, moved to PDS/ZEMFMSTR
2025-04-08 23:29:00.346523 - Found ZEMFMS99.txt (text/plain) in CBT.V508.FILE1051.PDS, moved to PDS/ZEMFMS99
2025-04-08 23:29:00.347183 - Found ZEVT.txt (text/plain) in CBT.V508.FILE1051.PDS, moved to PDS/ZEVT
2025-04-08 23:29:00.347851 - Found ZGBLS.txt (text/plain) in CBT.V508.FILE1051.PDS, moved to PDS/ZGBLS
2025-04-08 23:29:00.348517 - Found ZMACS.txt (text/plain) in CBT.V508.FILE1051.PDS, moved to PDS/ZMACS
2025-04-08 23:29:00.349138 - Found ZRETRY.txt (text/plain) in CBT.V508.FILE1051.PDS, moved to PDS/ZRETRY
2025-04-08 23:29:00.349794 - Found ZTABS.txt (text/plain) in CBT.V508.FILE1051.PDS, moved to PDS/ZTABS
2025-04-08 23:29:00.350437 - Found ZTRCE.txt (text/plain) in CBT.V508.FILE1051.PDS, moved to PDS/ZTRCE
2025-04-08 23:29:00.351133 - Found ZWTO.txt (text/plain) in CBT.V508.FILE1051.PDS, moved to PDS/ZWTO
